<?xml version="1.0" encoding="UTF-8"?>
<robot generator="Robot 3.2.1 (Python 3.8.3 on win32)" generated="20200713 18:59:50.557" rpa="false">
<suite id="s1" name="Cadastro" source="C:\Meus Projetos\Robot Week\ninjachefe\Tests\cadastro.robot">
<test id="s1-t1" name="Cadastro Simples">
<kw name="Open Session" library="base" type="setup">
<kw name="Open Browser" library="SeleniumLibrary">
<doc>Opens a new browser instance to the optional ``url``.</doc>
<arguments>
<arg>about:blank</arg>
<arg>chrome</arg>
</arguments>
<msg timestamp="20200713 18:59:51.428" level="INFO">Opening browser 'chrome' to base url 'about:blank'.</msg>
<status status="PASS" starttime="20200713 18:59:51.428" endtime="20200713 18:59:56.325"></status>
</kw>
<status status="PASS" starttime="20200713 18:59:51.427" endtime="20200713 18:59:56.326"></status>
</kw>
<kw name="Dado que acesso a página principal" library="kws">
<kw name="Go To" library="SeleniumLibrary">
<doc>Navigates the current browser window to the provided ``url``.</doc>
<arguments>
<arg>http://ninjachef-qaninja-io.umbler.net/</arg>
</arguments>
<msg timestamp="20200713 18:59:56.329" level="INFO">Opening url 'http://ninjachef-qaninja-io.umbler.net/'</msg>
<status status="PASS" starttime="20200713 18:59:56.329" endtime="20200713 18:59:57.383"></status>
</kw>
<status status="PASS" starttime="20200713 18:59:56.328" endtime="20200713 18:59:57.383"></status>
</kw>
<kw name="Quando submeto o meu e-mail &quot;rubens.franklin@gmail.com&quot;" library="kws">
<kw name="Input Text" library="SeleniumLibrary">
<doc>Types the given ``text`` into the text field identified by ``locator``.</doc>
<arguments>
<arg>id:email</arg>
<arg>${email}</arg>
</arguments>
<msg timestamp="20200713 18:59:57.385" level="INFO">Typing text 'rubens.franklin@gmail.com' into text field 'id:email'.</msg>
<status status="PASS" starttime="20200713 18:59:57.385" endtime="20200713 18:59:57.712"></status>
</kw>
<kw name="Click Element" library="SeleniumLibrary">
<doc>Click the element identified by ``locator``.</doc>
<arguments>
<arg>css:button[type=submit]</arg>
</arguments>
<msg timestamp="20200713 18:59:57.712" level="INFO">Clicking element 'css:button[type=submit]'.</msg>
<status status="PASS" starttime="20200713 18:59:57.712" endtime="20200713 18:59:57.794"></status>
</kw>
<status status="PASS" starttime="20200713 18:59:57.384" endtime="20200713 18:59:57.795"></status>
</kw>
<kw name="Então devo ser autenticado" library="kws">
<kw name="Wait Until Page Contains Element" library="SeleniumLibrary">
<doc>Waits until the element ``locator`` appears on the current page.</doc>
<arguments>
<arg>class:dashboard</arg>
</arguments>
<status status="PASS" starttime="20200713 18:59:57.798" endtime="20200713 18:59:58.393"></status>
</kw>
<status status="PASS" starttime="20200713 18:59:57.797" endtime="20200713 18:59:58.395"></status>
</kw>
<kw name="Close Session" library="base" type="teardown">
<kw name="Close Browser" library="SeleniumLibrary">
<doc>Closes the current browser.</doc>
<status status="PASS" starttime="20200713 18:59:58.400" endtime="20200713 19:00:01.722"></status>
</kw>
<status status="PASS" starttime="20200713 18:59:58.398" endtime="20200713 19:00:01.722"></status>
</kw>
<status status="PASS" starttime="20200713 18:59:51.426" endtime="20200713 19:00:01.724" critical="yes"></status>
</test>
<doc>Suite dos Casos de Teste</doc>
<status status="PASS" starttime="20200713 18:59:50.562" endtime="20200713 19:00:01.731"></status>
</suite>
<statistics>
<total>
<stat pass="1" fail="0">Critical Tests</stat>
<stat pass="1" fail="0">All Tests</stat>
</total>
<tag>
</tag>
<suite>
<stat pass="1" fail="0" id="s1" name="Cadastro">Cadastro</stat>
</suite>
</statistics>
<errors>
</errors>
</robot>
