<?xml version="1.0" encoding="UTF-8"?>
<robot generator="Robot 3.2.1 (Python 3.8.3 on win32)" generated="20200712 21:34:30.273" rpa="false">
<suite id="s1" name="Cadastro" source="C:\Meus Projetos\Robot Week\ninjachefe\cadastro.robot">
<test id="s1-t1" name="Cadastro Simples">
<kw name="Open Session" type="setup">
<kw name="Open Browser" library="SeleniumLibrary">
<doc>Opens a new browser instance to the optional ``url``.</doc>
<arguments>
<arg>about:blank</arg>
<arg>chrome</arg>
</arguments>
<msg timestamp="20200712 21:34:30.543" level="INFO">Opening browser 'chrome' to base url 'about:blank'.</msg>
<status status="PASS" starttime="20200712 21:34:30.543" endtime="20200712 21:34:34.380"></status>
</kw>
<status status="PASS" starttime="20200712 21:34:30.542" endtime="20200712 21:34:34.381"></status>
</kw>
<kw name="Dado que acesso a página principal">
<kw name="Go To" library="SeleniumLibrary">
<doc>Navigates the current browser window to the provided ``url``.</doc>
<arguments>
<arg>http://ninjachef-qaninja-io.umbler.net/</arg>
</arguments>
<msg timestamp="20200712 21:34:34.381" level="INFO">Opening url 'http://ninjachef-qaninja-io.umbler.net/'</msg>
<status status="PASS" starttime="20200712 21:34:34.381" endtime="20200712 21:34:35.572"></status>
</kw>
<status status="PASS" starttime="20200712 21:34:34.381" endtime="20200712 21:34:35.572"></status>
</kw>
<kw name="Quando submeto o meu e-mail &quot;rubens.franklin@gmail.com&quot;">
<kw name="Input Text" library="SeleniumLibrary">
<doc>Types the given ``text`` into the text field identified by ``locator``.</doc>
<arguments>
<arg>id:email</arg>
<arg>${email}</arg>
</arguments>
<msg timestamp="20200712 21:34:35.576" level="INFO">Typing text 'rubens.franklin@gmail.com' into text field 'id:email'.</msg>
<status status="PASS" starttime="20200712 21:34:35.575" endtime="20200712 21:34:35.786"></status>
</kw>
<kw name="Click Element" library="SeleniumLibrary">
<doc>Click the element identified by ``locator``.</doc>
<arguments>
<arg>css:button[type=submit]</arg>
</arguments>
<msg timestamp="20200712 21:34:35.787" level="INFO">Clicking element 'css:button[type=submit]'.</msg>
<status status="PASS" starttime="20200712 21:34:35.787" endtime="20200712 21:34:35.847"></status>
</kw>
<status status="PASS" starttime="20200712 21:34:35.574" endtime="20200712 21:34:35.847"></status>
</kw>
<kw name="Então devo ser autenticado">
<kw name="Wait Until Page Contains Element" library="SeleniumLibrary">
<doc>Waits until the element ``locator`` appears on the current page.</doc>
<arguments>
<arg>class:dashboard</arg>
</arguments>
<status status="PASS" starttime="20200712 21:34:35.847" endtime="20200712 21:34:36.270"></status>
</kw>
<status status="PASS" starttime="20200712 21:34:35.847" endtime="20200712 21:34:36.270"></status>
</kw>
<kw name="Close Session" type="teardown">
<kw name="Close Browser" library="SeleniumLibrary">
<doc>Closes the current browser.</doc>
<status status="PASS" starttime="20200712 21:34:36.271" endtime="20200712 21:34:38.413"></status>
</kw>
<status status="PASS" starttime="20200712 21:34:36.270" endtime="20200712 21:34:38.413"></status>
</kw>
<status status="PASS" starttime="20200712 21:34:30.542" endtime="20200712 21:34:38.414" critical="yes"></status>
</test>
<doc>Suite dos Casos de Teste</doc>
<status status="PASS" starttime="20200712 21:34:30.274" endtime="20200712 21:34:38.416"></status>
</suite>
<statistics>
<total>
<stat pass="1" fail="0">Critical Tests</stat>
<stat pass="1" fail="0">All Tests</stat>
</total>
<tag>
</tag>
<suite>
<stat pass="1" fail="0" id="s1" name="Cadastro">Cadastro</stat>
</suite>
</statistics>
<errors>
</errors>
</robot>
